nohup: 忽略输入
服务器监控【CPU、内存】
服务器监控【CPU、内存】
服务器监控【CPU、内存】
服务器监控【CPU、内存】
服务器监控【CPU、内存】
服务器监控【CPU、内存】
服务器监控【CPU、内存】
服务器监控【CPU、内存】
服务器监控【CPU、内存】
服务器监控【CPU、内存】
服务器监控【索引失效】
服务器监控【CPU、内存】
服务器监控【CPU、内存】
服务器监控【CPU、内存】
服务器监控【CPU、内存】
服务器监控【CPU、内存】
服务器监控【CPU、内存】
服务器监控【CPU、内存】
服务器监控【CPU、内存】
服务器监控【CPU、内存】
服务器监控【CPU、内存】
服务器监控【网络状态】
服务器监控【索引失效】
服务器监控【CPU、内存】
服务器监控【CPU、内存】
服务器监控【CPU、内存】
服务器监控【CPU、内存】
服务器监控【CPU、内存】
服务器监控【CPU、内存】
服务器监控【CPU、内存】
服务器监控【CPU、内存】
服务器监控【CPU、内存】
服务器监控【CPU、内存】
服务器监控【硬盘】
服务器监控【DB表空间】
服务器监控【索引失效】
服务器监控【CPU、内存】
服务器监控【CPU、内存】
服务器监控【CPU、内存】
服务器监控【CPU、内存】
服务器监控【CPU、内存】
服务器监控【CPU、内存】
服务器监控【CPU、内存】
服务器监控【CPU、内存】
服务器监控【CPU、内存】
服务器监控【CPU、内存】
服务器监控【网络状态】
服务器监控【CPU、内存】
服务器监控【索引失效】
服务器监控【CPU、内存】
服务器监控【CPU、内存】
服务器监控【CPU、内存】
服务器监控【CPU、内存】
服务器监控【CPU、内存】
服务器监控【CPU、内存】
服务器监控【CPU、内存】
服务器监控【CPU、内存】
服务器监控【CPU、内存】
服务器监控【CPU、内存】
服务器监控【索引失效】
服务器监控【CPU、内存】
服务器监控【CPU、内存】
服务器监控【CPU、内存】
服务器监控【CPU、内存】
服务器监控【CPU、内存】
服务器监控【CPU、内存】
服务器监控【CPU、内存】
服务器监控【CPU、内存】
发送成功
邮件发送
服务器监控【CPU、内存】
服务器监控【硬盘】
服务器监控【网络状态】
服务器监控【CPU、内存】
服务器监控【DB表空间】
服务器监控【索引失效】
服务器监控【CPU、内存】
服务器监控【CPU、内存】
服务器监控【CPU、内存】
服务器监控【CPU、内存】
服务器监控【CPU、内存】
服务器监控【CPU、内存】
服务器监控【CPU、内存】
服务器监控【CPU、内存】
服务器监控【CPU、内存】
服务器监控【CPU、内存】
服务器监控【CPU、内存】
服务器监控【索引失效】
服务器监控【CPU、内存】
服务器监控【CPU、内存】
服务器监控【CPU、内存】
服务器监控【CPU、内存】
服务器监控【CPU、内存】
服务器监控【CPU、内存】
服务器监控【CPU、内存】
服务器监控【CPU、内存】
服务器监控【网络状态】
服务器监控【CPU、内存】
服务器监控【CPU、内存】
服务器监控【索引失效】
服务器监控【CPU、内存】
服务器监控【CPU、内存】
服务器监控【CPU、内存】
服务器监控【CPU、内存】
服务器监控【CPU、内存】
服务器监控【CPU、内存】
服务器监控【CPU、内存】
服务器监控【CPU、内存】
服务器监控【硬盘】
服务器监控【CPU、内存】
服务器监控【DB表空间】
服务器监控【CPU、内存】
服务器监控【索引失效】
服务器监控【CPU、内存】
服务器监控【CPU、内存】
服务器监控【CPU、内存】
服务器监控【CPU、内存】
服务器监控【CPU、内存】
服务器监控【CPU、内存】
服务器监控【CPU、内存】
服务器监控【CPU、内存】
服务器监控【CPU、内存】
服务器监控【网络状态】
服务器监控【CPU、内存】
服务器监控【CPU、内存】
服务器监控【索引失效】
服务器监控【CPU、内存】
服务器监控【CPU、内存】
服务器监控【CPU、内存】
服务器监控【CPU、内存】
服务器监控【CPU、内存】
服务器监控【CPU、内存】
服务器监控【CPU、内存】
服务器监控【CPU、内存】
服务器监控【CPU、内存】
服务器监控【CPU、内存】
服务器监控【索引失效】
服务器监控【CPU、内存】
服务器监控【CPU、内存】
服务器监控【CPU、内存】
服务器监控【CPU、内存】
服务器监控【CPU、内存】
发送成功
邮件发送
服务器监控【CPU、内存】
服务器监控【CPU、内存】
服务器监控【硬盘】
服务器监控【CPU、内存】
服务器监控【网络状态】
服务器监控【CPU、内存】
服务器监控【DB表空间】
服务器监控【CPU、内存】
服务器监控【索引失效】
服务器监控【CPU、内存】
服务器监控【CPU、内存】
服务器监控【CPU、内存】
服务器监控【CPU、内存】
服务器监控【CPU、内存】
服务器监控【CPU、内存】
服务器监控【CPU、内存】
服务器监控【CPU、内存】
服务器监控【CPU、内存】
服务器监控【CPU、内存】
服务器监控【索引失效】
服务器监控【CPU、内存】
服务器监控【CPU、内存】
服务器监控【CPU、内存】
服务器监控【CPU、内存】
服务器监控【CPU、内存】
服务器监控【CPU、内存】
服务器监控【CPU、内存】
服务器监控【CPU、内存】
服务器监控【网络状态】
服务器监控【CPU、内存】
